<?xml version="1.0" encoding="UTF-8"?>
<!-- Generated by org.testng.reporters.JUnitReportReporter -->
<testsuite hostname="HPDA0161" name="com.qait.automation.stik.test.TC_030" tests="15" failures="1" timestamp="26 Feb 2014 07:01:38 GMT" time="403.187" errors="1">
  <testcase name="setup" time="10.053" classname="com.qait.automation.stik.test.TC_030"/>
  <testcase name="G_setup_Again" time="6.750" classname="com.qait.automation.stik.test.TC_030"/>
  <testcase name="H_launch_URL_Navgiate_to_Stick_HomePage" time="14.212" classname="com.qait.automation.stik.test.TC_030"/>
  <testcase name="C_Navigate_To_Referral_Page" time="63.755" classname="com.qait.automation.stik.test.TC_030"/>
  <testcase name="A_launch_URL_Navgiate_to_Stick_HomePage" time="10.438" classname="com.qait.automation.stik.test.TC_030"/>
  <testcase name="I_Provide_Review_And_Referral" time="7.144" classname="com.qait.automation.stik.test.TC_030"/>
  <testcase name="B_Sign_Up_Using_With_FaceBook" time="71.704" classname="com.qait.automation.stik.test.TC_030"/>
  <testcase name="F_closeBrowser" time="0.279" classname="com.qait.automation.stik.test.TC_030"/>
  <testcase name="C_Verify_Referral_Page_For_fresh_User" time="56.995" classname="com.qait.automation.stik.test.TC_030"/>
  <testcase name="J_Sign_In_With_New_User_Again" time="49.090" classname="com.qait.automation.stik.test.TC_030"/>
  <testcase name="K_Navigate_To_ReferralPage_Again" time="3.386" classname="com.qait.automation.stik.test.TC_030"/>
  <testcase name="M_Referral_Settings" time="18.777" classname="com.qait.automation.stik.test.TC_030">
    <error type="java.lang.AssertionError" message="Email body still visible after selecting &#039;No&#039; Checkbox expected [true] but found [false]">
      <![CDATA[java.lang.AssertionError: Email body still visible after selecting 'No' Checkbox expected [true] but found [false]
	at org.testng.Assert.fail(Assert.java:89)
	at org.testng.Assert.failNotEquals(Assert.java:489)
	at org.testng.Assert.assertTrue(Assert.java:37)
	at com.qait.automation.stik.actionfixtures.ReferralPageFixture.checkSettingsButton(ReferralPageFixture.java:130)
	at com.qait.automation.stik.test.TC_030.M_Referral_Settings(TC_030.java:117)
	at sun.reflect.NativeMethodAccessorImpl.invoke0(Native Method)
	at sun.reflect.NativeMethodAccessorImpl.invoke(Unknown Source)
	at sun.reflect.DelegatingMethodAccessorImpl.invoke(Unknown Source)
	at java.lang.reflect.Method.invoke(Unknown Source)
	at org.testng.internal.MethodInvocationHelper.invokeMethod(MethodInvocationHelper.java:80)
	at org.testng.internal.Invoker.invokeMethod(Invoker.java:714)
	at org.testng.internal.Invoker.invokeTestMethod(Invoker.java:901)
	at org.testng.internal.Invoker.invokeTestMethods(Invoker.java:1231)
	at org.testng.internal.TestMethodWorker.invokeTestMethods(TestMethodWorker.java:127)
	at org.testng.internal.TestMethodWorker.run(TestMethodWorker.java:111)
	at org.testng.TestRunner.privateRun(TestRunner.java:767)
	at org.testng.TestRunner.run(TestRunner.java:617)
	at org.testng.SuiteRunner.runTest(SuiteRunner.java:334)
	at org.testng.SuiteRunner.runSequentially(SuiteRunner.java:329)
	at org.testng.SuiteRunner.privateRun(SuiteRunner.java:291)
	at org.testng.SuiteRunner.run(SuiteRunner.java:240)
	at org.testng.SuiteRunnerWorker.runSuite(SuiteRunnerWorker.java:52)
	at org.testng.SuiteRunnerWorker.run(SuiteRunnerWorker.java:86)
	at org.testng.TestNG.runSuitesSequentially(TestNG.java:1197)
	at org.testng.TestNG.runSuitesLocally(TestNG.java:1122)
	at org.testng.TestNG.run(TestNG.java:1030)
	at org.testng.remote.RemoteTestNG.run(RemoteTestNG.java:111)
	at org.testng.remote.RemoteTestNG.initAndRun(RemoteTestNG.java:204)
	at org.testng.remote.RemoteTestNG.main(RemoteTestNG.java:175)
]]>
    </error>
  </testcase> <!-- M_Referral_Settings -->
  <testcase name="N_signOut" time="0.000" classname="com.qait.automation.stik.test.TC_030"/>
  <testcase name="D_signOut_New_User" time="10.531" classname="com.qait.automation.stik.test.TC_030"/>
  <testcase name="L_Verify_Referral_Page_Again" time="80.073" classname="com.qait.automation.stik.test.TC_030"/>
</testsuite> <!-- com.qait.automation.stik.test.TC_030 -->
